<?xml version="1.0" encoding="windows-1252" standalone="no"?>
<!DOCTYPE log SYSTEM "logger.dtd">
<log>
<record>
  <date>2015-04-30T09:17:48</date>
  <millis>1430403468820</millis>
  <sequence>0</sequence>
  <logger>ui.lucyapp</logger>
  <level>CONFIG</level>
  <class>ui.lucyapp$4$1</class>
  <method>doInBackground</method>
  <thread>20</thread>
  <message>Logging config</message>
</record>
<record>
  <date>2015-04-30T09:17:48</date>
  <millis>1430403468843</millis>
  <sequence>1</sequence>
  <logger>ui.lucyapp</logger>
  <level>CONFIG</level>
  <class>ui.lucyapp$4$1</class>
  <method>doInBackground</method>
  <thread>20</thread>
  <message>Loading C:\UST\Software Engineering\ClassProject\build_04.30.1\.\settings.xml</message>
</record>
<record>
  <date>2015-04-30T09:17:48</date>
  <millis>1430403468891</millis>
  <sequence>2</sequence>
  <logger>engine.Settings</logger>
  <level>CONFIG</level>
  <class>engine.Settings</class>
  <method>logSettings</method>
  <thread>20</thread>
  <message>
SETTINGS: 
  INIT POPULATION SIZE: 500
  POPULATION SIZE: 100
  MUTATION PROBABILITY: 0.1
  CROSSOVER PROBABILITY: 0.5
  MAX DURATITION: 10
  MAX ITERATIONS: 0
  MAX TREE DEPTH: 5
  KEEPER THRESHOLD: 20
  TARGET FUNCTION: (X^2 + 1) / 2
  OPERATNDS: 0,1,2,3,4,5,6,7,8,9,
  OPERATORS: +,-,/,*,
  TRAINING DATA: 
		(-10.0,50.5)
		(-9.0,41.0)
		(-8.0,32.5)
		(-7.0,25.0)
		(-6.0,18.5)
		(-5.0,13.0)
		(-4.0,8.5)
		(-3.0,5.0)
		(-2.0,2.5)
		(-1.0,1.0)
		(0.0,0.5)
		(1.0,1.0)
		(2.0,2.5)
		(3.0,5.0)
		(4.0,8.5)
		(5.0,13.0)
		(6.0,18.5)
		(7.0,25.0)
		(8.0,32.5)
		(9.0,41.0)
		(10.0,50.5)

</message>
</record>
<record>
  <date>2015-04-30T09:17:48</date>
  <millis>1430403468904</millis>
  <sequence>3</sequence>
  <logger>engine.GeneticProgramManager</logger>
  <level>CONFIG</level>
  <class>engine.GeneticProgramManager</class>
  <method>initializeEngine</method>
  <thread>20</thread>
  <message>ACTUAL START TIME:  2015/04/30 09:17:48</message>
</record>
<record>
  <date>2015-04-30T09:17:48</date>
  <millis>1430403468905</millis>
  <sequence>4</sequence>
  <logger>engine.GeneticProgramManager</logger>
  <level>CONFIG</level>
  <class>engine.GeneticProgramManager</class>
  <method>initializeEngine</method>
  <thread>20</thread>
  <message>TARGET STOP TIME:  2015/04/30 09:17:58</message>
</record>
<record>
  <date>2015-04-30T09:17:56</date>
  <millis>1430403476005</millis>
  <sequence>5</sequence>
  <logger>engine.GeneticProgramManager</logger>
  <level>CONFIG</level>
  <class>engine.GeneticProgramManager</class>
  <method>execute</method>
  <thread>20</thread>
  <message>ACTUAL STOP TIME:  2015/04/30 09:17:56</message>
</record>
<record>
  <date>2015-04-30T09:17:56</date>
  <millis>1430403476005</millis>
  <sequence>6</sequence>
  <logger>engine.GeneticProgramManager</logger>
  <level>CONFIG</level>
  <class>engine.GeneticProgramManager</class>
  <method>execute</method>
  <thread>20</thread>
  <message>RESULT: ((3 - ((2 - (6 / (4 / 0))) - (X * X))) / ((2 - ((3 - ((2 - (6 / (4 / 0))) - (X * X))) / 0)) - (8 / (0 / 0))))
FITNESS: 0.0
NUMBER OF GENERATIONS: 2529
NUMBER OF SECONDS: 7</message>
</record>
</log>
